{"C:\\Users\\noah1\\Documents\\GitHub\\GITMERN\\controllers\\orderController.js": {"path":"C:\\Users\\noah1\\Documents\\GitHub\\GITMERN\\controllers\\orderController.js","statementMap":{"0":{"start":{"line":1,"column":14},"end":{"line":1,"column":40}},"1":{"start":{"line":2,"column":17},"end":{"line":2,"column":46}},"2":{"start":{"line":3,"column":16},"end":{"line":3,"column":44}},"3":{"start":{"line":7,"column":18},"end":{"line":14,"column":1}},"4":{"start":{"line":8,"column":4},"end":{"line":13,"column":5}},"5":{"start":{"line":9,"column":23},"end":{"line":9,"column":41}},"6":{"start":{"line":10,"column":8},"end":{"line":10,"column":22}},"7":{"start":{"line":12,"column":8},"end":{"line":12,"column":50}},"8":{"start":{"line":17,"column":21},"end":{"line":25,"column":1}},"9":{"start":{"line":18,"column":4},"end":{"line":24,"column":5}},"10":{"start":{"line":19,"column":22},"end":{"line":19,"column":46}},"11":{"start":{"line":20,"column":8},"end":{"line":20,"column":21}},"12":{"start":{"line":23,"column":8},"end":{"line":23,"column":49}},"13":{"start":{"line":28,"column":28},"end":{"line":56,"column":1}},"14":{"start":{"line":29,"column":4},"end":{"line":55,"column":5}},"15":{"start":{"line":30,"column":23},"end":{"line":30,"column":65}},"16":{"start":{"line":32,"column":41},"end":{"line":49,"column":9}},"17":{"start":{"line":34,"column":41},"end":{"line":42,"column":17}},"18":{"start":{"line":36,"column":47},"end":{"line":36,"column":91}},"19":{"start":{"line":37,"column":24},"end":{"line":40,"column":26}},"20":{"start":{"line":44,"column":16},"end":{"line":47,"column":18}},"21":{"start":{"line":51,"column":8},"end":{"line":51,"column":40}},"22":{"start":{"line":53,"column":8},"end":{"line":53,"column":75}},"23":{"start":{"line":54,"column":8},"end":{"line":54,"column":50}},"24":{"start":{"line":60,"column":17},"end":{"line":93,"column":1}},"25":{"start":{"line":61,"column":4},"end":{"line":92,"column":5}},"26":{"start":{"line":63,"column":25},"end":{"line":73,"column":10}},"27":{"start":{"line":64,"column":49},"end":{"line":68,"column":13}},"28":{"start":{"line":76,"column":8},"end":{"line":76,"column":30}},"29":{"start":{"line":79,"column":8},"end":{"line":86,"column":9}},"30":{"start":{"line":80,"column":29},"end":{"line":80,"column":68}},"31":{"start":{"line":81,"column":12},"end":{"line":83,"column":13}},"32":{"start":{"line":82,"column":16},"end":{"line":82,"column":54}},"33":{"start":{"line":84,"column":12},"end":{"line":84,"column":47}},"34":{"start":{"line":85,"column":12},"end":{"line":85,"column":34}},"35":{"start":{"line":88,"column":8},"end":{"line":88,"column":24}},"36":{"start":{"line":90,"column":8},"end":{"line":90,"column":60}},"37":{"start":{"line":91,"column":8},"end":{"line":91,"column":47}},"38":{"start":{"line":97,"column":20},"end":{"line":106,"column":1}},"39":{"start":{"line":98,"column":4},"end":{"line":105,"column":5}},"40":{"start":{"line":99,"column":8},"end":{"line":99,"column":49}},"41":{"start":{"line":100,"column":29},"end":{"line":100,"column":53}},"42":{"start":{"line":101,"column":8},"end":{"line":101,"column":28}},"43":{"start":{"line":104,"column":8},"end":{"line":104,"column":50}},"44":{"start":{"line":109,"column":20},"end":{"line":120,"column":1}},"45":{"start":{"line":110,"column":4},"end":{"line":119,"column":5}},"46":{"start":{"line":111,"column":22},"end":{"line":111,"column":55}},"47":{"start":{"line":113,"column":25},"end":{"line":113,"column":64}},"48":{"start":{"line":114,"column":8},"end":{"line":114,"column":89}},"49":{"start":{"line":114,"column":62},"end":{"line":114,"column":87}},"50":{"start":{"line":115,"column":8},"end":{"line":115,"column":21}},"51":{"start":{"line":118,"column":8},"end":{"line":118,"column":50}},"52":{"start":{"line":123,"column":0},"end":{"line":123,"column":102}}},"fnMap":{"0":{"name":"(anonymous_0)","decl":{"start":{"line":7,"column":18},"end":{"line":7,"column":19}},"loc":{"start":{"line":7,"column":30},"end":{"line":14,"column":1}},"line":7},"1":{"name":"(anonymous_1)","decl":{"start":{"line":17,"column":21},"end":{"line":17,"column":22}},"loc":{"start":{"line":17,"column":35},"end":{"line":25,"column":1}},"line":17},"2":{"name":"(anonymous_2)","decl":{"start":{"line":28,"column":28},"end":{"line":28,"column":29}},"loc":{"start":{"line":28,"column":50},"end":{"line":56,"column":1}},"line":28},"3":{"name":"(anonymous_3)","decl":{"start":{"line":33,"column":23},"end":{"line":33,"column":24}},"loc":{"start":{"line":33,"column":40},"end":{"line":48,"column":13}},"line":33},"4":{"name":"(anonymous_4)","decl":{"start":{"line":35,"column":39},"end":{"line":35,"column":40}},"loc":{"start":{"line":35,"column":55},"end":{"line":41,"column":21}},"line":35},"5":{"name":"(anonymous_5)","decl":{"start":{"line":60,"column":17},"end":{"line":60,"column":18}},"loc":{"start":{"line":60,"column":34},"end":{"line":93,"column":1}},"line":60},"6":{"name":"(anonymous_6)","decl":{"start":{"line":64,"column":41},"end":{"line":64,"column":42}},"loc":{"start":{"line":64,"column":49},"end":{"line":68,"column":13}},"line":64},"7":{"name":"(anonymous_7)","decl":{"start":{"line":97,"column":20},"end":{"line":97,"column":21}},"loc":{"start":{"line":97,"column":41},"end":{"line":106,"column":1}},"line":97},"8":{"name":"(anonymous_8)","decl":{"start":{"line":109,"column":20},"end":{"line":109,"column":21}},"loc":{"start":{"line":109,"column":34},"end":{"line":120,"column":1}},"line":109},"9":{"name":"(anonymous_9)","decl":{"start":{"line":114,"column":49},"end":{"line":114,"column":50}},"loc":{"start":{"line":114,"column":62},"end":{"line":114,"column":87}},"line":114}},"branchMap":{"0":{"loc":{"start":{"line":71,"column":22},"end":{"line":71,"column":44}},"type":"binary-expr","locations":[{"start":{"line":71,"column":22},"end":{"line":71,"column":36}},{"start":{"line":71,"column":40},"end":{"line":71,"column":44}}],"line":71},"1":{"loc":{"start":{"line":72,"column":26},"end":{"line":72,"column":52}},"type":"binary-expr","locations":[{"start":{"line":72,"column":26},"end":{"line":72,"column":44}},{"start":{"line":72,"column":48},"end":{"line":72,"column":52}}],"line":72},"2":{"loc":{"start":{"line":79,"column":8},"end":{"line":86,"column":9}},"type":"if","locations":[{"start":{"line":79,"column":8},"end":{"line":86,"column":9}},{"start":{},"end":{}}],"line":79},"3":{"loc":{"start":{"line":81,"column":12},"end":{"line":83,"column":13}},"type":"if","locations":[{"start":{"line":81,"column":12},"end":{"line":83,"column":13}},{"start":{},"end":{}}],"line":81}},"s":{"0":1,"1":1,"2":1,"3":1,"4":2,"5":2,"6":1,"7":1,"8":1,"9":2,"10":2,"11":1,"12":1,"13":1,"14":2,"15":2,"16":1,"17":1,"18":1,"19":1,"20":1,"21":1,"22":1,"23":1,"24":1,"25":2,"26":2,"27":1,"28":1,"29":1,"30":1,"31":1,"32":0,"33":1,"34":1,"35":1,"36":1,"37":1,"38":1,"39":2,"40":2,"41":1,"42":1,"43":1,"44":1,"45":2,"46":2,"47":1,"48":1,"49":1,"50":1,"51":1,"52":1},"f":{"0":2,"1":2,"2":2,"3":1,"4":1,"5":2,"6":1,"7":2,"8":2,"9":1},"b":{"0":[1,0],"1":[1,1],"2":[1,0],"3":[0,1]},"_coverageSchema":"1a1c01bbd47fc00a2c39e90264f33305004495a9","hash":"20ca3e126fa86372a9e127bf466c2668cb4a6af1"}
,"C:\\Users\\noah1\\Documents\\GitHub\\GITMERN\\controllers\\productController.js": {"path":"C:\\Users\\noah1\\Documents\\GitHub\\GITMERN\\controllers\\productController.js","statementMap":{"0":{"start":{"line":1,"column":16},"end":{"line":1,"column":44}},"1":{"start":{"line":4,"column":20},"end":{"line":11,"column":1}},"2":{"start":{"line":5,"column":4},"end":{"line":10,"column":5}},"3":{"start":{"line":6,"column":25},"end":{"line":6,"column":45}},"4":{"start":{"line":7,"column":8},"end":{"line":7,"column":24}},"5":{"start":{"line":9,"column":8},"end":{"line":9,"column":52}},"6":{"start":{"line":14,"column":23},"end":{"line":22,"column":1}},"7":{"start":{"line":15,"column":4},"end":{"line":21,"column":5}},"8":{"start":{"line":16,"column":24},"end":{"line":16,"column":50}},"9":{"start":{"line":17,"column":8},"end":{"line":17,"column":23}},"10":{"start":{"line":20,"column":8},"end":{"line":20,"column":51}},"11":{"start":{"line":25,"column":19},"end":{"line":33,"column":1}},"12":{"start":{"line":26,"column":4},"end":{"line":32,"column":5}},"13":{"start":{"line":27,"column":27},"end":{"line":27,"column":47}},"14":{"start":{"line":28,"column":8},"end":{"line":28,"column":32}},"15":{"start":{"line":29,"column":8},"end":{"line":29,"column":26}},"16":{"start":{"line":31,"column":8},"end":{"line":31,"column":49}},"17":{"start":{"line":36,"column":22},"end":{"line":45,"column":1}},"18":{"start":{"line":37,"column":4},"end":{"line":44,"column":5}},"19":{"start":{"line":38,"column":8},"end":{"line":38,"column":53}},"20":{"start":{"line":39,"column":31},"end":{"line":39,"column":57}},"21":{"start":{"line":40,"column":8},"end":{"line":40,"column":30}},"22":{"start":{"line":43,"column":8},"end":{"line":43,"column":52}},"23":{"start":{"line":48,"column":22},"end":{"line":56,"column":1}},"24":{"start":{"line":49,"column":4},"end":{"line":55,"column":5}},"25":{"start":{"line":50,"column":24},"end":{"line":50,"column":59}},"26":{"start":{"line":51,"column":8},"end":{"line":51,"column":23}},"27":{"start":{"line":54,"column":8},"end":{"line":54,"column":52}},"28":{"start":{"line":58,"column":0},"end":{"line":58,"column":91}}},"fnMap":{"0":{"name":"(anonymous_0)","decl":{"start":{"line":4,"column":20},"end":{"line":4,"column":21}},"loc":{"start":{"line":4,"column":32},"end":{"line":11,"column":1}},"line":4},"1":{"name":"(anonymous_1)","decl":{"start":{"line":14,"column":23},"end":{"line":14,"column":24}},"loc":{"start":{"line":14,"column":37},"end":{"line":22,"column":1}},"line":14},"2":{"name":"(anonymous_2)","decl":{"start":{"line":25,"column":19},"end":{"line":25,"column":20}},"loc":{"start":{"line":25,"column":38},"end":{"line":33,"column":1}},"line":25},"3":{"name":"(anonymous_3)","decl":{"start":{"line":36,"column":22},"end":{"line":36,"column":23}},"loc":{"start":{"line":36,"column":45},"end":{"line":45,"column":1}},"line":36},"4":{"name":"(anonymous_4)","decl":{"start":{"line":48,"column":22},"end":{"line":48,"column":23}},"loc":{"start":{"line":48,"column":36},"end":{"line":56,"column":1}},"line":48}},"branchMap":{},"s":{"0":1,"1":1,"2":2,"3":2,"4":1,"5":1,"6":1,"7":2,"8":2,"9":1,"10":1,"11":1,"12":0,"13":0,"14":0,"15":0,"16":0,"17":1,"18":2,"19":2,"20":1,"21":1,"22":1,"23":1,"24":2,"25":2,"26":1,"27":1,"28":1},"f":{"0":2,"1":2,"2":0,"3":2,"4":2},"b":{},"_coverageSchema":"1a1c01bbd47fc00a2c39e90264f33305004495a9","hash":"4141438d6ea31c164f28ade883ef91c93e6029cd"}
,"C:\\Users\\noah1\\Documents\\GitHub\\GITMERN\\models\\Customer.js": {"path":"C:\\Users\\noah1\\Documents\\GitHub\\GITMERN\\models\\Customer.js","statementMap":{"0":{"start":{"line":1,"column":17},"end":{"line":1,"column":36}},"1":{"start":{"line":3,"column":23},"end":{"line":12,"column":2}},"2":{"start":{"line":14,"column":0},"end":{"line":14,"column":60}}},"fnMap":{},"branchMap":{},"s":{"0":1,"1":1,"2":1},"f":{},"b":{},"_coverageSchema":"1a1c01bbd47fc00a2c39e90264f33305004495a9","hash":"9a104dacae1e16dab8c5defa7d1dc3c22605cee1"}
,"C:\\Users\\noah1\\Documents\\GitHub\\GITMERN\\models\\Order.js": {"path":"C:\\Users\\noah1\\Documents\\GitHub\\GITMERN\\models\\Order.js","statementMap":{"0":{"start":{"line":1,"column":17},"end":{"line":1,"column":36}},"1":{"start":{"line":3,"column":20},"end":{"line":16,"column":2}},"2":{"start":{"line":18,"column":0},"end":{"line":18,"column":54}}},"fnMap":{},"branchMap":{},"s":{"0":1,"1":1,"2":1},"f":{},"b":{},"_coverageSchema":"1a1c01bbd47fc00a2c39e90264f33305004495a9","hash":"f93d5a1bf14443c9591027f947cc38d341a4aba2"}
,"C:\\Users\\noah1\\Documents\\GitHub\\GITMERN\\models\\Product.js": {"path":"C:\\Users\\noah1\\Documents\\GitHub\\GITMERN\\models\\Product.js","statementMap":{"0":{"start":{"line":1,"column":17},"end":{"line":1,"column":36}},"1":{"start":{"line":3,"column":22},"end":{"line":18,"column":2}},"2":{"start":{"line":20,"column":0},"end":{"line":20,"column":58}}},"fnMap":{},"branchMap":{},"s":{"0":2,"1":2,"2":2},"f":{},"b":{},"_coverageSchema":"1a1c01bbd47fc00a2c39e90264f33305004495a9","hash":"3d2b689967fcf2ef13f4f31112d2e44a17225f01"}
}
