TN:
SF:controllers\orderController.js
FN:7,(anonymous_0)
FN:17,(anonymous_1)
FN:28,(anonymous_2)
FN:33,(anonymous_3)
FN:35,(anonymous_4)
FN:60,(anonymous_5)
FN:64,(anonymous_6)
FN:97,(anonymous_7)
FN:109,(anonymous_8)
FN:114,(anonymous_9)
FNF:10
FNH:10
FNDA:2,(anonymous_0)
FNDA:2,(anonymous_1)
FNDA:2,(anonymous_2)
FNDA:1,(anonymous_3)
FNDA:1,(anonymous_4)
FNDA:2,(anonymous_5)
FNDA:1,(anonymous_6)
FNDA:2,(anonymous_7)
FNDA:2,(anonymous_8)
FNDA:1,(anonymous_9)
DA:1,1
DA:2,1
DA:3,1
DA:7,1
DA:8,2
DA:9,2
DA:10,1
DA:12,1
DA:17,1
DA:18,2
DA:19,2
DA:20,1
DA:23,1
DA:28,1
DA:29,2
DA:30,2
DA:32,1
DA:34,1
DA:36,1
DA:37,1
DA:44,1
DA:51,1
DA:53,1
DA:54,1
DA:60,1
DA:61,2
DA:63,2
DA:64,1
DA:76,1
DA:79,1
DA:80,1
DA:81,1
DA:82,0
DA:84,1
DA:85,1
DA:88,1
DA:90,1
DA:91,1
DA:97,1
DA:98,2
DA:99,2
DA:100,1
DA:101,1
DA:104,1
DA:109,1
DA:110,2
DA:111,2
DA:113,1
DA:114,1
DA:115,1
DA:118,1
DA:123,1
LF:52
LH:51
BRDA:71,0,0,1
BRDA:71,0,1,0
BRDA:72,1,0,1
BRDA:72,1,1,1
BRDA:79,2,0,1
BRDA:79,2,1,0
BRDA:81,3,0,0
BRDA:81,3,1,1
BRF:8
BRH:5
end_of_record
TN:
SF:controllers\productController.js
FN:4,(anonymous_0)
FN:14,(anonymous_1)
FN:25,(anonymous_2)
FN:36,(anonymous_3)
FN:48,(anonymous_4)
FNF:5
FNH:4
FNDA:2,(anonymous_0)
FNDA:2,(anonymous_1)
FNDA:0,(anonymous_2)
FNDA:2,(anonymous_3)
FNDA:2,(anonymous_4)
DA:1,1
DA:4,1
DA:5,2
DA:6,2
DA:7,1
DA:9,1
DA:14,1
DA:15,2
DA:16,2
DA:17,1
DA:20,1
DA:25,1
DA:26,0
DA:27,0
DA:28,0
DA:29,0
DA:31,0
DA:36,1
DA:37,2
DA:38,2
DA:39,1
DA:40,1
DA:43,1
DA:48,1
DA:49,2
DA:50,2
DA:51,1
DA:54,1
DA:58,1
LF:29
LH:24
BRF:0
BRH:0
end_of_record
TN:
SF:models\Customer.js
FNF:0
FNH:0
DA:1,1
DA:3,1
DA:14,1
LF:3
LH:3
BRF:0
BRH:0
end_of_record
TN:
SF:models\Order.js
FNF:0
FNH:0
DA:1,1
DA:3,1
DA:18,1
LF:3
LH:3
BRF:0
BRH:0
end_of_record
TN:
SF:models\Product.js
FNF:0
FNH:0
DA:1,2
DA:3,2
DA:20,2
LF:3
LH:3
BRF:0
BRH:0
end_of_record
